(node:19895) [MONGODB DRIVER] Warning: useNewUrlParser is a deprecated option: useNewUrlParser has no effect since Node.js Driver version 4.0.0 and will be removed in the next major version
(Use `node --trace-warnings ...` to show where the warning was created)
(node:19895) [MONGODB DRIVER] Warning: useUnifiedTopology is a deprecated option: useUnifiedTopology has no effect since Node.js Driver version 4.0.0 and will be removed in the next major version
Server running on http://localhost:3000
Database connection error MongooseServerSelectionError: connect ECONNREFUSED 127.0.0.1:27017
    at _handleConnectionErrors (/home/codealfa/login-form/node_modules/mongoose/lib/connection.js:1165:11)
    at NativeConnection.openUri (/home/codealfa/login-form/node_modules/mongoose/lib/connection.js:1096:11) {
  errorLabelSet: Set(0) {},
  reason: TopologyDescription {
    type: 'Unknown',
    servers: Map(1) { 'localhost:27017' => [ServerDescription] },
    stale: false,
    compatible: true,
    heartbeatFrequencyMS: 10000,
    localThresholdMS: 15,
    setName: null,
    maxElectionId: null,
    maxSetVersion: null,
    commonWireVersion: 0,
    logicalSessionTimeoutMinutes: null
  },
  code: undefined,
  cause: TopologyDescription {
    type: 'Unknown',
    servers: Map(1) { 'localhost:27017' => [ServerDescription] },
    stale: false,
    compatible: true,
    heartbeatFrequencyMS: 10000,
    localThresholdMS: 15,
    setName: null,
    maxElectionId: null,
    maxSetVersion: null,
    commonWireVersion: 0,
    logicalSessionTimeoutMinutes: null
  }
}
Login error MongooseError: Operation `users.findOne()` buffering timed out after 10000ms
    at Timeout.<anonymous> (/home/codealfa/login-form/node_modules/mongoose/lib/drivers/node-mongodb-native/collection.js:187:23)
    at listOnTimeout (node:internal/timers:588:17)
    at process.processTimers (node:internal/timers:523:7)
Login error MongooseError: Operation `users.findOne()` buffering timed out after 10000ms
    at Timeout.<anonymous> (/home/codealfa/login-form/node_modules/mongoose/lib/drivers/node-mongodb-native/collection.js:187:23)
    at listOnTimeout (node:internal/timers:588:17)
    at process.processTimers (node:internal/timers:523:7)
Registration error MongooseError: Operation `users.findOne()` buffering timed out after 10000ms
    at Timeout.<anonymous> (/home/codealfa/login-form/node_modules/mongoose/lib/drivers/node-mongodb-native/collection.js:187:23)
    at listOnTimeout (node:internal/timers:588:17)
    at process.processTimers (node:internal/timers:523:7)
